<?xml version="1.0" encoding="utf-8"?><testsuites name="pytest tests"><testsuite name="pytest" errors="0" failures="1" skipped="0" tests="20" time="3.199" timestamp="2026-05-24T09:48:17.753176+00:00" hostname="agent-env-e8e20b3a-6758-4a95-9c6e-83f442ae9f85"><testcase classname="backend.tests.backend_test.TestPublicContent" name="test_root" time="0.279" /><testcase classname="backend.tests.backend_test.TestPublicContent" name="test_age_groups_seeded" time="0.055" /><testcase classname="backend.tests.backend_test.TestPublicContent" name="test_activities_seeded" time="0.050" /><testcase classname="backend.tests.backend_test.TestPublicContent" name="test_packages_seeded" time="0.051" /><testcase classname="backend.tests.backend_test.TestPublicContent" name="test_snack_boxes_seeded" time="0.051" /><testcase classname="backend.tests.backend_test.TestPublicContent" name="test_testimonials_seeded" time="0.048" /><testcase classname="backend.tests.backend_test.TestPublicContent" name="test_gallery_seeded" time="0.051" /><testcase classname="backend.tests.backend_test.TestPublicContent" name="test_site_info" time="0.050" /><testcase classname="backend.tests.backend_test.TestAuth" name="test_login_wrong_password" time="0.057" /><testcase classname="backend.tests.backend_test.TestAuth" name="test_login_success_sets_cookies" time="0.324" /><testcase classname="backend.tests.backend_test.TestAuth" name="test_me_with_cookies" time="0.383" /><testcase classname="backend.tests.backend_test.TestAuth" name="test_me_without_cookies" time="0.100" /><testcase classname="backend.tests.backend_test.TestAdminProtection" name="test_quotes_requires_auth" time="0.167" /><testcase classname="backend.tests.backend_test.TestAdminProtection" name="test_admin_quotes_with_auth" time="0.053" /><testcase classname="backend.tests.backend_test.TestQuotes" name="test_quote_appears_in_admin_list" time="0.163" /><testcase classname="backend.tests.backend_test.TestQuotes" name="test_update_quote_status" time="0.106" /><testcase classname="backend.tests.backend_test.TestQuotes" name="test_update_quote_status_requires_admin" time="0.182" /><testcase classname="backend.tests.backend_test.TestAdminPackagesCRUD" name="test_create_update_delete_package" time="0.463" /><testcase classname="backend.tests.backend_test.TestAdminPackagesCRUD" name="test_create_package_requires_admin" time="0.111" /><testcase classname="backend.tests.backend_test.TestBruteForce" name="test_lockout_after_5_failed_attempts" time="0.347"><failure message="AssertionError: Expected 429 got 401: {&quot;detail&quot;:&quot;Invalid email or password&quot;}&#10;assert 401 == 429&#10; +  where 401 = &lt;Response [401]&gt;.status_code">backend/tests/backend_test.py:236: in test_lockout_after_5_failed_attempts
    assert r.status_code == 429, f"Expected 429 got {r.status_code}: {r.text}"
E   AssertionError: Expected 429 got 401: {"detail":"Invalid email or password"}
E   assert 401 == 429
E    +  where 401 = &lt;Response [401]&gt;.status_code</failure></testcase></testsuite></testsuites>